mode: set
github.com/ahmadayub792/gopractice/weather/ali.go:18.58,20.16 2 0
github.com/ahmadayub792/gopractice/weather/ali.go:24.2,26.33 2 0
github.com/ahmadayub792/gopractice/weather/ali.go:20.16,22.3 1 0
github.com/ahmadayub792/gopractice/weather/ali.go:33.57,35.16 2 1
github.com/ahmadayub792/gopractice/weather/ali.go:39.2,40.16 2 1
github.com/ahmadayub792/gopractice/weather/ali.go:44.2,44.22 1 1
github.com/ahmadayub792/gopractice/weather/ali.go:35.16,37.3 1 0
github.com/ahmadayub792/gopractice/weather/ali.go:40.16,42.3 1 0
